Analysis & Synthesis report for ALU
Mon Mar 06 23:25:32 2023
Quartus II 64-Bit Version 13.0.1 Build 232 06/12/2013 Service Pack 1 SJ Web Edition


---------------------
; Table of Contents ;
---------------------
  1. Legal Notice
  2. Analysis & Synthesis Summary
  3. Analysis & Synthesis Settings
  4. Parallel Compilation
  5. Analysis & Synthesis Source Files Read
  6. Analysis & Synthesis Resource Usage Summary
  7. Analysis & Synthesis Resource Utilization by Entity
  8. User-Specified and Inferred Latches
  9. General Register Statistics
 10. Multiplexer Restructuring Statistics (Restructuring Performed)
 11. Port Connectivity Checks: "reg32:regIR"
 12. Port Connectivity Checks: "ALU:ALUunit|ADD32:incrementPC"
 13. Elapsed Time Per Partition
 14. Analysis & Synthesis Messages



----------------
; Legal Notice ;
----------------
Copyright (C) 1991-2013 Altera Corporation
Your use of Altera Corporation's design tools, logic functions 
and other software and tools, and its AMPP partner logic 
functions, and any output files from any of the foregoing 
(including device programming or simulation files), and any 
associated documentation or information are expressly subject 
to the terms and conditions of the Altera Program License 
Subscription Agreement, Altera MegaCore Function License 
Agreement, or other applicable license agreement, including, 
without limitation, that your use is for the sole purpose of 
programming logic devices manufactured by Altera and sold by 
Altera or its authorized distributors.  Please refer to the 
applicable agreement for further details.



+--------------------------------------------------------------------------------------+
; Analysis & Synthesis Summary                                                         ;
+------------------------------------+-------------------------------------------------+
; Analysis & Synthesis Status        ; Successful - Mon Mar 06 23:25:32 2023           ;
; Quartus II 64-Bit Version          ; 13.0.1 Build 232 06/12/2013 SP 1 SJ Web Edition ;
; Revision Name                      ; ALU                                             ;
; Top-level Entity Name              ; datapath                                        ;
; Family                             ; Cyclone III                                     ;
; Total logic elements               ; 7,592                                           ;
;     Total combinational functions  ; 6,984                                           ;
;     Dedicated logic registers      ; 736                                             ;
; Total registers                    ; 736                                             ;
; Total pins                         ; 835                                             ;
; Total virtual pins                 ; 0                                               ;
; Total memory bits                  ; 0                                               ;
; Embedded Multiplier 9-bit elements ; 0                                               ;
; Total PLLs                         ; 0                                               ;
+------------------------------------+-------------------------------------------------+


+----------------------------------------------------------------------------------------------------------------------+
; Analysis & Synthesis Settings                                                                                        ;
+----------------------------------------------------------------------------+--------------------+--------------------+
; Option                                                                     ; Setting            ; Default Value      ;
+----------------------------------------------------------------------------+--------------------+--------------------+
; Device                                                                     ; EP3C16F484C6       ;                    ;
; Top-level entity name                                                      ; datapath           ; ALU                ;
; Family name                                                                ; Cyclone III        ; Cyclone IV GX      ;
; Use smart compilation                                                      ; Off                ; Off                ;
; Enable parallel Assembler and TimeQuest Timing Analyzer during compilation ; On                 ; On                 ;
; Enable compact report table                                                ; Off                ; Off                ;
; Restructure Multiplexers                                                   ; Auto               ; Auto               ;
; Create Debugging Nodes for IP Cores                                        ; Off                ; Off                ;
; Preserve fewer node names                                                  ; On                 ; On                 ;
; Disable OpenCore Plus hardware evaluation                                  ; Off                ; Off                ;
; Verilog Version                                                            ; Verilog_2001       ; Verilog_2001       ;
; VHDL Version                                                               ; VHDL_1993          ; VHDL_1993          ;
; State Machine Processing                                                   ; Auto               ; Auto               ;
; Safe State Machine                                                         ; Off                ; Off                ;
; Extract Verilog State Machines                                             ; On                 ; On                 ;
; Extract VHDL State Machines                                                ; On                 ; On                 ;
; Ignore Verilog initial constructs                                          ; Off                ; Off                ;
; Iteration limit for constant Verilog loops                                 ; 5000               ; 5000               ;
; Iteration limit for non-constant Verilog loops                             ; 250                ; 250                ;
; Add Pass-Through Logic to Inferred RAMs                                    ; On                 ; On                 ;
; Infer RAMs from Raw Logic                                                  ; On                 ; On                 ;
; Parallel Synthesis                                                         ; On                 ; On                 ;
; DSP Block Balancing                                                        ; Auto               ; Auto               ;
; NOT Gate Push-Back                                                         ; On                 ; On                 ;
; Power-Up Don't Care                                                        ; On                 ; On                 ;
; Remove Redundant Logic Cells                                               ; Off                ; Off                ;
; Remove Duplicate Registers                                                 ; On                 ; On                 ;
; Ignore CARRY Buffers                                                       ; Off                ; Off                ;
; Ignore CASCADE Buffers                                                     ; Off                ; Off                ;
; Ignore GLOBAL Buffers                                                      ; Off                ; Off                ;
; Ignore ROW GLOBAL Buffers                                                  ; Off                ; Off                ;
; Ignore LCELL Buffers                                                       ; Off                ; Off                ;
; Ignore SOFT Buffers                                                        ; On                 ; On                 ;
; Limit AHDL Integers to 32 Bits                                             ; Off                ; Off                ;
; Optimization Technique                                                     ; Balanced           ; Balanced           ;
; Carry Chain Length                                                         ; 70                 ; 70                 ;
; Auto Carry Chains                                                          ; On                 ; On                 ;
; Auto Open-Drain Pins                                                       ; On                 ; On                 ;
; Perform WYSIWYG Primitive Resynthesis                                      ; Off                ; Off                ;
; Auto ROM Replacement                                                       ; On                 ; On                 ;
; Auto RAM Replacement                                                       ; On                 ; On                 ;
; Auto DSP Block Replacement                                                 ; On                 ; On                 ;
; Auto Shift Register Replacement                                            ; Auto               ; Auto               ;
; Allow Shift Register Merging across Hierarchies                            ; Auto               ; Auto               ;
; Auto Clock Enable Replacement                                              ; On                 ; On                 ;
; Strict RAM Replacement                                                     ; Off                ; Off                ;
; Allow Synchronous Control Signals                                          ; On                 ; On                 ;
; Force Use of Synchronous Clear Signals                                     ; Off                ; Off                ;
; Auto RAM Block Balancing                                                   ; On                 ; On                 ;
; Auto RAM to Logic Cell Conversion                                          ; Off                ; Off                ;
; Auto Resource Sharing                                                      ; Off                ; Off                ;
; Allow Any RAM Size For Recognition                                         ; Off                ; Off                ;
; Allow Any ROM Size For Recognition                                         ; Off                ; Off                ;
; Allow Any Shift Register Size For Recognition                              ; Off                ; Off                ;
; Use LogicLock Constraints during Resource Balancing                        ; On                 ; On                 ;
; Ignore translate_off and synthesis_off directives                          ; Off                ; Off                ;
; Timing-Driven Synthesis                                                    ; On                 ; On                 ;
; Report Parameter Settings                                                  ; On                 ; On                 ;
; Report Source Assignments                                                  ; On                 ; On                 ;
; Report Connectivity Checks                                                 ; On                 ; On                 ;
; Ignore Maximum Fan-Out Assignments                                         ; Off                ; Off                ;
; Synchronization Register Chain Length                                      ; 2                  ; 2                  ;
; PowerPlay Power Optimization                                               ; Normal compilation ; Normal compilation ;
; HDL message level                                                          ; Level2             ; Level2             ;
; Suppress Register Optimization Related Messages                            ; Off                ; Off                ;
; Number of Removed Registers Reported in Synthesis Report                   ; 5000               ; 5000               ;
; Number of Swept Nodes Reported in Synthesis Report                         ; 5000               ; 5000               ;
; Number of Inverted Registers Reported in Synthesis Report                  ; 100                ; 100                ;
; Clock MUX Protection                                                       ; On                 ; On                 ;
; Auto Gated Clock Conversion                                                ; Off                ; Off                ;
; Block Design Naming                                                        ; Auto               ; Auto               ;
; SDC constraint protection                                                  ; Off                ; Off                ;
; Synthesis Effort                                                           ; Auto               ; Auto               ;
; Shift Register Replacement - Allow Asynchronous Clear Signal               ; On                 ; On                 ;
; Pre-Mapping Resynthesis Optimization                                       ; Off                ; Off                ;
; Analysis & Synthesis Message Level                                         ; Medium             ; Medium             ;
; Disable Register Merging Across Hierarchies                                ; Auto               ; Auto               ;
; Resource Aware Inference For Block RAM                                     ; On                 ; On                 ;
; Synthesis Seed                                                             ; 1                  ; 1                  ;
+----------------------------------------------------------------------------+--------------------+--------------------+


Parallel compilation was disabled, but you have multiple processors available. Enable parallel compilation to reduce compilation time.
+-------------------------------------+
; Parallel Compilation                ;
+----------------------------+--------+
; Processors                 ; Number ;
+----------------------------+--------+
; Number detected on machine ; 16     ;
; Maximum allowed            ; 1      ;
+----------------------------+--------+


+---------------------------------------------------------------------------------------------------------------------------------+
; Analysis & Synthesis Source Files Read                                                                                          ;
+----------------------------------+-----------------+-----------------+------------------------------------------------+---------+
; File Name with User-Entered Path ; Used in Netlist ; File Type       ; File Name with Absolute Path                   ; Library ;
+----------------------------------+-----------------+-----------------+------------------------------------------------+---------+
; reg32.vhd                        ; yes             ; User VHDL File  ; C:/altera/13.0sp1/elec374/ALU/reg32.vhd        ;         ;
; encoder32to5.vhd                 ; yes             ; User VHDL File  ; C:/altera/13.0sp1/elec374/ALU/encoder32to5.vhd ;         ;
; bus32to1.vhd                     ; yes             ; User VHDL File  ; C:/altera/13.0sp1/elec374/ALU/bus32to1.vhd     ;         ;
; MDR.vhd                          ; yes             ; User VHDL File  ; C:/altera/13.0sp1/elec374/ALU/MDR.vhd          ;         ;
; datapath.vhd                     ; yes             ; User VHDL File  ; C:/altera/13.0sp1/elec374/ALU/datapath.vhd     ;         ;
; AND32.vhd                        ; yes             ; User VHDL File  ; C:/altera/13.0sp1/elec374/ALU/AND32.vhd        ;         ;
; OR32.vhd                         ; yes             ; User VHDL File  ; C:/altera/13.0sp1/elec374/ALU/OR32.vhd         ;         ;
; NEG32.vhd                        ; yes             ; User VHDL File  ; C:/altera/13.0sp1/elec374/ALU/NEG32.vhd        ;         ;
; NOT32.vhd                        ; yes             ; User VHDL File  ; C:/altera/13.0sp1/elec374/ALU/NOT32.vhd        ;         ;
; SHL32.vhd                        ; yes             ; User VHDL File  ; C:/altera/13.0sp1/elec374/ALU/SHL32.vhd        ;         ;
; SHR32.vhd                        ; yes             ; User VHDL File  ; C:/altera/13.0sp1/elec374/ALU/SHR32.vhd        ;         ;
; SHRA32.vhd                       ; yes             ; User VHDL File  ; C:/altera/13.0sp1/elec374/ALU/SHRA32.vhd       ;         ;
; ROL32.vhd                        ; yes             ; User VHDL File  ; C:/altera/13.0sp1/elec374/ALU/ROL32.vhd        ;         ;
; ROR32.vhd                        ; yes             ; User VHDL File  ; C:/altera/13.0sp1/elec374/ALU/ROR32.vhd        ;         ;
; ADD32.vhd                        ; yes             ; User VHDL File  ; C:/altera/13.0sp1/elec374/ALU/ADD32.vhd        ;         ;
; SUB32.vhd                        ; yes             ; User VHDL File  ; C:/altera/13.0sp1/elec374/ALU/SUB32.vhd        ;         ;
; DIV32.vhd                        ; yes             ; User VHDL File  ; C:/altera/13.0sp1/elec374/ALU/DIV32.vhd        ;         ;
; MUL32.vhd                        ; yes             ; User VHDL File  ; C:/altera/13.0sp1/elec374/ALU/MUL32.vhd        ;         ;
; ALU.vhd                          ; yes             ; User VHDL File  ; C:/altera/13.0sp1/elec374/ALU/ALU.vhd          ;         ;
+----------------------------------+-----------------+-----------------+------------------------------------------------+---------+


+---------------------------------------------------------+
; Analysis & Synthesis Resource Usage Summary             ;
+---------------------------------------------+-----------+
; Resource                                    ; Usage     ;
+---------------------------------------------+-----------+
; Estimated Total logic elements              ; 7,592     ;
;                                             ;           ;
; Total combinational functions               ; 6984      ;
; Logic element usage by number of LUT inputs ;           ;
;     -- 4 input functions                    ; 3456      ;
;     -- 3 input functions                    ; 3132      ;
;     -- <=2 input functions                  ; 396       ;
;                                             ;           ;
; Logic elements by mode                      ;           ;
;     -- normal mode                          ; 5164      ;
;     -- arithmetic mode                      ; 1820      ;
;                                             ;           ;
; Total registers                             ; 736       ;
;     -- Dedicated logic registers            ; 736       ;
;     -- I/O registers                        ; 0         ;
;                                             ;           ;
; I/O pins                                    ; 835       ;
; Embedded Multiplier 9-bit elements          ; 0         ;
; Maximum fan-out node                        ; clk~input ;
; Maximum fan-out                             ; 736       ;
; Total fan-out                               ; 28587     ;
; Average fan-out                             ; 3.04      ;
+---------------------------------------------+-----------+


+-----------------------------------------------------------------------------------------------------------------------------------------------------------------------------------------------------------------+
; Analysis & Synthesis Resource Utilization by Entity                                                                                                                                                             ;
+------------------------------+-------------------+--------------+-------------+--------------+---------+-----------+------+--------------+-------------------------------------------------------+--------------+
; Compilation Hierarchy Node   ; LC Combinationals ; LC Registers ; Memory Bits ; DSP Elements ; DSP 9x9 ; DSP 18x18 ; Pins ; Virtual Pins ; Full Hierarchy Name                                   ; Library Name ;
+------------------------------+-------------------+--------------+-------------+--------------+---------+-----------+------+--------------+-------------------------------------------------------+--------------+
; |datapath                    ; 6984 (1)          ; 736 (0)      ; 0           ; 0            ; 0       ; 0         ; 835  ; 0            ; |datapath                                             ; work         ;
;    |ALU:ALUunit|             ; 6426 (591)        ; 0 (0)        ; 0           ; 0            ; 0       ; 0         ; 0    ; 0            ; |datapath|ALU:ALUunit                                 ; work         ;
;       |ADD32:addition|       ; 58 (58)           ; 0 (0)        ; 0           ; 0            ; 0       ; 0         ; 0    ; 0            ; |datapath|ALU:ALUunit|ADD32:addition                  ; work         ;
;       |ADD32:incrementPC|    ; 21 (21)           ; 0 (0)        ; 0           ; 0            ; 0       ; 0         ; 0    ; 0            ; |datapath|ALU:ALUunit|ADD32:incrementPC               ; work         ;
;       |AND32:andoperation|   ; 24 (24)           ; 0 (0)        ; 0           ; 0            ; 0       ; 0         ; 0    ; 0            ; |datapath|ALU:ALUunit|AND32:andoperation              ; work         ;
;       |DIV32:division|       ; 2109 (2109)       ; 0 (0)        ; 0           ; 0            ; 0       ; 0         ; 0    ; 0            ; |datapath|ALU:ALUunit|DIV32:division                  ; work         ;
;       |MUL32:multiplication| ; 2371 (2371)       ; 0 (0)        ; 0           ; 0            ; 0       ; 0         ; 0    ; 0            ; |datapath|ALU:ALUunit|MUL32:multiplication            ; work         ;
;       |OR32:oroperation|     ; 26 (26)           ; 0 (0)        ; 0           ; 0            ; 0       ; 0         ; 0    ; 0            ; |datapath|ALU:ALUunit|OR32:oroperation                ; work         ;
;       |ROL32:rotateleft|     ; 432 (432)         ; 0 (0)        ; 0           ; 0            ; 0       ; 0         ; 0    ; 0            ; |datapath|ALU:ALUunit|ROL32:rotateleft                ; work         ;
;       |ROR32:rotateright|    ; 465 (465)         ; 0 (0)        ; 0           ; 0            ; 0       ; 0         ; 0    ; 0            ; |datapath|ALU:ALUunit|ROR32:rotateright               ; work         ;
;       |SHL32:shiftoleft|     ; 126 (126)         ; 0 (0)        ; 0           ; 0            ; 0       ; 0         ; 0    ; 0            ; |datapath|ALU:ALUunit|SHL32:shiftoleft                ; work         ;
;       |SHR32:shifttoright|   ; 69 (69)           ; 0 (0)        ; 0           ; 0            ; 0       ; 0         ; 0    ; 0            ; |datapath|ALU:ALUunit|SHR32:shifttoright              ; work         ;
;       |SHRA32:shiftA|        ; 42 (42)           ; 0 (0)        ; 0           ; 0            ; 0       ; 0         ; 0    ; 0            ; |datapath|ALU:ALUunit|SHRA32:shiftA                   ; work         ;
;       |SUB32:substraction|   ; 92 (0)            ; 0 (0)        ; 0           ; 0            ; 0       ; 0         ; 0    ; 0            ; |datapath|ALU:ALUunit|SUB32:substraction              ; work         ;
;          |ADD32:SUBADD|      ; 60 (60)           ; 0 (0)        ; 0           ; 0            ; 0       ; 0         ; 0    ; 0            ; |datapath|ALU:ALUunit|SUB32:substraction|ADD32:SUBADD ; work         ;
;          |NEG32:SUBNEG|      ; 32 (32)           ; 0 (0)        ; 0           ; 0            ; 0       ; 0         ; 0    ; 0            ; |datapath|ALU:ALUunit|SUB32:substraction|NEG32:SUBNEG ; work         ;
;    |MDR:MDRunit|             ; 32 (32)           ; 32 (0)       ; 0           ; 0            ; 0       ; 0         ; 0    ; 0            ; |datapath|MDR:MDRunit                                 ; work         ;
;       |reg32:MDRregister|    ; 0 (0)             ; 32 (32)      ; 0           ; 0            ; 0       ; 0         ; 0    ; 0            ; |datapath|MDR:MDRunit|reg32:MDRregister               ; work         ;
;    |bus32to1:busUnit|        ; 462 (462)         ; 0 (0)        ; 0           ; 0            ; 0       ; 0         ; 0    ; 0            ; |datapath|bus32to1:busUnit                            ; work         ;
;    |encoder32to5:encoder|    ; 29 (29)           ; 0 (0)        ; 0           ; 0            ; 0       ; 0         ; 0    ; 0            ; |datapath|encoder32to5:encoder                        ; work         ;
;    |reg32:reg0|              ; 0 (0)             ; 32 (32)      ; 0           ; 0            ; 0       ; 0         ; 0    ; 0            ; |datapath|reg32:reg0                                  ; work         ;
;    |reg32:reg10|             ; 0 (0)             ; 32 (32)      ; 0           ; 0            ; 0       ; 0         ; 0    ; 0            ; |datapath|reg32:reg10                                 ; work         ;
;    |reg32:reg11|             ; 0 (0)             ; 32 (32)      ; 0           ; 0            ; 0       ; 0         ; 0    ; 0            ; |datapath|reg32:reg11                                 ; work         ;
;    |reg32:reg12|             ; 0 (0)             ; 32 (32)      ; 0           ; 0            ; 0       ; 0         ; 0    ; 0            ; |datapath|reg32:reg12                                 ; work         ;
;    |reg32:reg13|             ; 0 (0)             ; 32 (32)      ; 0           ; 0            ; 0       ; 0         ; 0    ; 0            ; |datapath|reg32:reg13                                 ; work         ;
;    |reg32:reg14|             ; 0 (0)             ; 32 (32)      ; 0           ; 0            ; 0       ; 0         ; 0    ; 0            ; |datapath|reg32:reg14                                 ; work         ;
;    |reg32:reg15|             ; 0 (0)             ; 32 (32)      ; 0           ; 0            ; 0       ; 0         ; 0    ; 0            ; |datapath|reg32:reg15                                 ; work         ;
;    |reg32:reg1|              ; 0 (0)             ; 32 (32)      ; 0           ; 0            ; 0       ; 0         ; 0    ; 0            ; |datapath|reg32:reg1                                  ; work         ;
;    |reg32:reg2|              ; 0 (0)             ; 32 (32)      ; 0           ; 0            ; 0       ; 0         ; 0    ; 0            ; |datapath|reg32:reg2                                  ; work         ;
;    |reg32:reg3|              ; 0 (0)             ; 32 (32)      ; 0           ; 0            ; 0       ; 0         ; 0    ; 0            ; |datapath|reg32:reg3                                  ; work         ;
;    |reg32:reg4|              ; 0 (0)             ; 32 (32)      ; 0           ; 0            ; 0       ; 0         ; 0    ; 0            ; |datapath|reg32:reg4                                  ; work         ;
;    |reg32:reg5|              ; 0 (0)             ; 32 (32)      ; 0           ; 0            ; 0       ; 0         ; 0    ; 0            ; |datapath|reg32:reg5                                  ; work         ;
;    |reg32:reg6|              ; 0 (0)             ; 32 (32)      ; 0           ; 0            ; 0       ; 0         ; 0    ; 0            ; |datapath|reg32:reg6                                  ; work         ;
;    |reg32:reg7|              ; 0 (0)             ; 32 (32)      ; 0           ; 0            ; 0       ; 0         ; 0    ; 0            ; |datapath|reg32:reg7                                  ; work         ;
;    |reg32:reg8|              ; 0 (0)             ; 32 (32)      ; 0           ; 0            ; 0       ; 0         ; 0    ; 0            ; |datapath|reg32:reg8                                  ; work         ;
;    |reg32:reg9|              ; 0 (0)             ; 32 (32)      ; 0           ; 0            ; 0       ; 0         ; 0    ; 0            ; |datapath|reg32:reg9                                  ; work         ;
;    |reg32:regHI|             ; 0 (0)             ; 32 (32)      ; 0           ; 0            ; 0       ; 0         ; 0    ; 0            ; |datapath|reg32:regHI                                 ; work         ;
;    |reg32:regLO|             ; 0 (0)             ; 32 (32)      ; 0           ; 0            ; 0       ; 0         ; 0    ; 0            ; |datapath|reg32:regLO                                 ; work         ;
;    |reg32:regPC|             ; 0 (0)             ; 32 (32)      ; 0           ; 0            ; 0       ; 0         ; 0    ; 0            ; |datapath|reg32:regPC                                 ; work         ;
;    |reg32:regY|              ; 0 (0)             ; 32 (32)      ; 0           ; 0            ; 0       ; 0         ; 0    ; 0            ; |datapath|reg32:regY                                  ; work         ;
;    |reg32:regZhigh|          ; 2 (2)             ; 32 (32)      ; 0           ; 0            ; 0       ; 0         ; 0    ; 0            ; |datapath|reg32:regZhigh                              ; work         ;
;    |reg32:regZlow|           ; 32 (32)           ; 32 (32)      ; 0           ; 0            ; 0       ; 0         ; 0    ; 0            ; |datapath|reg32:regZlow                               ; work         ;
+------------------------------+-------------------+--------------+-------------+--------------+---------+-----------+------+--------------+-------------------------------------------------------+--------------+
Note: For table entries with two numbers listed, the numbers in parentheses indicate the number of resources of the given type used by the specific entity alone. The numbers listed outside of parentheses indicate the total resources of the given type used by the specific entity and all of its sub-entities in the hierarchy.


+----------------------------------------------------------------------------------------------------+
; User-Specified and Inferred Latches                                                                ;
+-----------------------------------------------------+---------------------+------------------------+
; Latch Name                                          ; Latch Enable Signal ; Free of Timing Hazards ;
+-----------------------------------------------------+---------------------+------------------------+
; ALU:ALUunit|MUL32:multiplication|one[0]_7184        ; VCC                 ; yes                    ;
; ALU:ALUunit|MUL32:multiplication|one[1]_7204        ; VCC                 ; yes                    ;
; ALU:ALUunit|MUL32:multiplication|one[2]_7224        ; VCC                 ; yes                    ;
; ALU:ALUunit|MUL32:multiplication|one[3]_7244        ; VCC                 ; yes                    ;
; ALU:ALUunit|MUL32:multiplication|one[4]_7264        ; VCC                 ; yes                    ;
; ALU:ALUunit|MUL32:multiplication|one[5]_7284        ; VCC                 ; yes                    ;
; ALU:ALUunit|MUL32:multiplication|one[6]_7304        ; VCC                 ; yes                    ;
; ALU:ALUunit|MUL32:multiplication|one[7]_7324        ; VCC                 ; yes                    ;
; ALU:ALUunit|MUL32:multiplication|one[8]_7344        ; VCC                 ; yes                    ;
; ALU:ALUunit|MUL32:multiplication|one[9]_7364        ; VCC                 ; yes                    ;
; ALU:ALUunit|MUL32:multiplication|one[10]_7384       ; VCC                 ; yes                    ;
; ALU:ALUunit|MUL32:multiplication|one[11]_7404       ; VCC                 ; yes                    ;
; ALU:ALUunit|MUL32:multiplication|one[12]_7424       ; VCC                 ; yes                    ;
; ALU:ALUunit|MUL32:multiplication|one[13]_7444       ; VCC                 ; yes                    ;
; ALU:ALUunit|MUL32:multiplication|one[14]_7464       ; VCC                 ; yes                    ;
; ALU:ALUunit|MUL32:multiplication|one[15]_7484       ; VCC                 ; yes                    ;
; ALU:ALUunit|MUL32:multiplication|one[16]_7504       ; VCC                 ; yes                    ;
; ALU:ALUunit|MUL32:multiplication|one[17]_7524       ; VCC                 ; yes                    ;
; ALU:ALUunit|MUL32:multiplication|one[18]_7544       ; VCC                 ; yes                    ;
; ALU:ALUunit|MUL32:multiplication|one[19]_7564       ; VCC                 ; yes                    ;
; ALU:ALUunit|MUL32:multiplication|one[20]_7584       ; VCC                 ; yes                    ;
; ALU:ALUunit|MUL32:multiplication|one[21]_7604       ; VCC                 ; yes                    ;
; ALU:ALUunit|MUL32:multiplication|one[22]_7624       ; VCC                 ; yes                    ;
; ALU:ALUunit|MUL32:multiplication|one[23]_7644       ; VCC                 ; yes                    ;
; ALU:ALUunit|MUL32:multiplication|one[24]_7664       ; VCC                 ; yes                    ;
; ALU:ALUunit|MUL32:multiplication|one[25]_7684       ; VCC                 ; yes                    ;
; ALU:ALUunit|MUL32:multiplication|one[26]_7704       ; VCC                 ; yes                    ;
; ALU:ALUunit|MUL32:multiplication|one[27]_7724       ; VCC                 ; yes                    ;
; ALU:ALUunit|MUL32:multiplication|one[28]_7744       ; VCC                 ; yes                    ;
; ALU:ALUunit|MUL32:multiplication|one[29]_7764       ; VCC                 ; yes                    ;
; ALU:ALUunit|MUL32:multiplication|one[30]_7784       ; VCC                 ; yes                    ;
; ALU:ALUunit|MUL32:multiplication|one[31]_7804       ; VCC                 ; yes                    ;
; ALU:ALUunit|MUL32:multiplication|one[61]_8404       ; VCC                 ; yes                    ;
; ALU:ALUunit|MUL32:multiplication|one[63]_8424       ; VCC                 ; yes                    ;
; Number of user-specified and inferred latches = 34  ;                     ;                        ;
+-----------------------------------------------------+---------------------+------------------------+
Note: All latches listed above may not be present at the end of synthesis due to various synthesis optimizations.


+------------------------------------------------------+
; General Register Statistics                          ;
+----------------------------------------------+-------+
; Statistic                                    ; Value ;
+----------------------------------------------+-------+
; Total registers                              ; 736   ;
; Number of registers using Synchronous Clear  ; 1     ;
; Number of registers using Synchronous Load   ; 33    ;
; Number of registers using Asynchronous Clear ; 736   ;
; Number of registers using Asynchronous Load  ; 0     ;
; Number of registers using Clock Enable       ; 736   ;
; Number of registers using Preset             ; 0     ;
+----------------------------------------------+-------+


+------------------------------------------------------------------------------------------------------------------------------------------------------------------+
; Multiplexer Restructuring Statistics (Restructuring Performed)                                                                                                   ;
+--------------------+-----------+---------------+----------------------+------------------------+------------+----------------------------------------------------+
; Multiplexer Inputs ; Bus Width ; Baseline Area ; Area if Restructured ; Saving if Restructured ; Registered ; Example Multiplexer Output                         ;
+--------------------+-----------+---------------+----------------------+------------------------+------------+----------------------------------------------------+
; 14:1               ; 31 bits   ; 279 LEs       ; 217 LEs              ; 62 LEs                 ; Yes        ; |datapath|reg32:regZhigh|outputq[15]               ;
; 4:1                ; 30 bits   ; 60 LEs        ; 60 LEs               ; 0 LEs                  ; No         ; |datapath|ALU:ALUunit|MUL32:multiplication|one     ;
; 4:1                ; 28 bits   ; 56 LEs        ; 56 LEs               ; 0 LEs                  ; No         ; |datapath|ALU:ALUunit|MUL32:multiplication|one     ;
; 4:1                ; 32 bits   ; 64 LEs        ; 64 LEs               ; 0 LEs                  ; No         ; |datapath|ALU:ALUunit|MUL32:multiplication|one     ;
; 4:1                ; 2 bits    ; 4 LEs         ; 4 LEs                ; 0 LEs                  ; No         ; |datapath|ALU:ALUunit|MUL32:multiplication|one[63] ;
; 6:1                ; 2 bits    ; 8 LEs         ; 6 LEs                ; 2 LEs                  ; No         ; |datapath|ALU:ALUunit|MUL32:multiplication|one     ;
; 5:1                ; 3 bits    ; 9 LEs         ; 6 LEs                ; 3 LEs                  ; No         ; |datapath|ALU:ALUunit|MUL32:multiplication|one     ;
; 5:1                ; 7 bits    ; 21 LEs        ; 14 LEs               ; 7 LEs                  ; No         ; |datapath|ALU:ALUunit|MUL32:multiplication|one     ;
; 5:1                ; 13 bits   ; 39 LEs        ; 26 LEs               ; 13 LEs                 ; No         ; |datapath|ALU:ALUunit|MUL32:multiplication|one     ;
; 6:1                ; 3 bits    ; 12 LEs        ; 9 LEs                ; 3 LEs                  ; No         ; |datapath|ALU:ALUunit|MUL32:multiplication|one     ;
; 5:1                ; 21 bits   ; 63 LEs        ; 42 LEs               ; 21 LEs                 ; No         ; |datapath|ALU:ALUunit|MUL32:multiplication|one     ;
; 6:1                ; 5 bits    ; 20 LEs        ; 15 LEs               ; 5 LEs                  ; No         ; |datapath|ALU:ALUunit|MUL32:multiplication|one     ;
; 5:1                ; 20 bits   ; 60 LEs        ; 40 LEs               ; 20 LEs                 ; No         ; |datapath|ALU:ALUunit|MUL32:multiplication|one     ;
; 6:1                ; 7 bits    ; 28 LEs        ; 21 LEs               ; 7 LEs                  ; No         ; |datapath|ALU:ALUunit|MUL32:multiplication|one     ;
; 5:1                ; 18 bits   ; 54 LEs        ; 36 LEs               ; 18 LEs                 ; No         ; |datapath|ALU:ALUunit|MUL32:multiplication|one     ;
; 6:1                ; 9 bits    ; 36 LEs        ; 27 LEs               ; 9 LEs                  ; No         ; |datapath|ALU:ALUunit|MUL32:multiplication|one     ;
; 5:1                ; 16 bits   ; 48 LEs        ; 32 LEs               ; 16 LEs                 ; No         ; |datapath|ALU:ALUunit|MUL32:multiplication|one     ;
; 6:1                ; 11 bits   ; 44 LEs        ; 33 LEs               ; 11 LEs                 ; No         ; |datapath|ALU:ALUunit|MUL32:multiplication|one     ;
; 5:1                ; 14 bits   ; 42 LEs        ; 28 LEs               ; 14 LEs                 ; No         ; |datapath|ALU:ALUunit|MUL32:multiplication|one     ;
; 6:1                ; 13 bits   ; 52 LEs        ; 39 LEs               ; 13 LEs                 ; No         ; |datapath|ALU:ALUunit|MUL32:multiplication|one     ;
; 5:1                ; 12 bits   ; 36 LEs        ; 24 LEs               ; 12 LEs                 ; No         ; |datapath|ALU:ALUunit|MUL32:multiplication|one     ;
; 6:1                ; 15 bits   ; 60 LEs        ; 45 LEs               ; 15 LEs                 ; No         ; |datapath|ALU:ALUunit|MUL32:multiplication|one     ;
; 5:1                ; 10 bits   ; 30 LEs        ; 20 LEs               ; 10 LEs                 ; No         ; |datapath|ALU:ALUunit|MUL32:multiplication|one     ;
; 6:1                ; 17 bits   ; 68 LEs        ; 51 LEs               ; 17 LEs                 ; No         ; |datapath|ALU:ALUunit|MUL32:multiplication|one     ;
; 5:1                ; 8 bits    ; 24 LEs        ; 16 LEs               ; 8 LEs                  ; No         ; |datapath|ALU:ALUunit|MUL32:multiplication|one     ;
; 6:1                ; 19 bits   ; 76 LEs        ; 57 LEs               ; 19 LEs                 ; No         ; |datapath|ALU:ALUunit|MUL32:multiplication|one     ;
; 5:1                ; 6 bits    ; 18 LEs        ; 12 LEs               ; 6 LEs                  ; No         ; |datapath|ALU:ALUunit|MUL32:multiplication|one     ;
; 6:1                ; 21 bits   ; 84 LEs        ; 63 LEs               ; 21 LEs                 ; No         ; |datapath|ALU:ALUunit|MUL32:multiplication|one     ;
; 6:1                ; 30 bits   ; 120 LEs       ; 90 LEs               ; 30 LEs                 ; No         ; |datapath|ALU:ALUunit|MUL32:multiplication|one     ;
; 7:1                ; 27 bits   ; 108 LEs       ; 108 LEs              ; 0 LEs                  ; No         ; |datapath|ALU:ALUunit|MUL32:multiplication|one[33] ;
; 7:1                ; 3 bits    ; 12 LEs        ; 9 LEs                ; 3 LEs                  ; No         ; |datapath|ALU:ALUunit|MUL32:multiplication|one[60] ;
; 6:1                ; 30 bits   ; 120 LEs       ; 90 LEs               ; 30 LEs                 ; No         ; |datapath|ALU:ALUunit|MUL32:multiplication|one[20] ;
; 8:1                ; 30 bits   ; 150 LEs       ; 90 LEs               ; 60 LEs                 ; No         ; |datapath|ALU:ALUunit|MUL32:multiplication|one     ;
; 8:1                ; 28 bits   ; 140 LEs       ; 84 LEs               ; 56 LEs                 ; No         ; |datapath|ALU:ALUunit|MUL32:multiplication|one     ;
; 8:1                ; 26 bits   ; 130 LEs       ; 78 LEs               ; 52 LEs                 ; No         ; |datapath|ALU:ALUunit|MUL32:multiplication|one     ;
; 8:1                ; 24 bits   ; 120 LEs       ; 72 LEs               ; 48 LEs                 ; No         ; |datapath|ALU:ALUunit|MUL32:multiplication|one     ;
; 8:1                ; 22 bits   ; 110 LEs       ; 66 LEs               ; 44 LEs                 ; No         ; |datapath|ALU:ALUunit|MUL32:multiplication|one     ;
; 8:1                ; 20 bits   ; 100 LEs       ; 60 LEs               ; 40 LEs                 ; No         ; |datapath|ALU:ALUunit|MUL32:multiplication|one     ;
; 8:1                ; 18 bits   ; 90 LEs        ; 54 LEs               ; 36 LEs                 ; No         ; |datapath|ALU:ALUunit|MUL32:multiplication|one     ;
; 8:1                ; 16 bits   ; 80 LEs        ; 48 LEs               ; 32 LEs                 ; No         ; |datapath|ALU:ALUunit|MUL32:multiplication|one     ;
; 8:1                ; 14 bits   ; 70 LEs        ; 42 LEs               ; 28 LEs                 ; No         ; |datapath|ALU:ALUunit|MUL32:multiplication|one     ;
; 8:1                ; 12 bits   ; 60 LEs        ; 36 LEs               ; 24 LEs                 ; No         ; |datapath|ALU:ALUunit|MUL32:multiplication|one     ;
; 8:1                ; 10 bits   ; 50 LEs        ; 30 LEs               ; 20 LEs                 ; No         ; |datapath|ALU:ALUunit|MUL32:multiplication|one     ;
; 8:1                ; 8 bits    ; 40 LEs        ; 24 LEs               ; 16 LEs                 ; No         ; |datapath|ALU:ALUunit|MUL32:multiplication|one     ;
; 34:1               ; 32 bits   ; 704 LEs       ; 448 LEs              ; 256 LEs                ; No         ; |datapath|bus32to1:busUnit|bus_mux_out[26]         ;
; 19:1               ; 2 bits    ; 24 LEs        ; 24 LEs               ; 0 LEs                  ; No         ; |datapath|encoder32to5:encoder|output              ;
; 20:1               ; 2 bits    ; 26 LEs        ; 26 LEs               ; 0 LEs                  ; No         ; |datapath|encoder32to5:encoder|output              ;
+--------------------+-----------+---------------+----------------------+------------------------+------------+----------------------------------------------------+


+-------------------------------------------------------------------------------------------------------------------+
; Port Connectivity Checks: "reg32:regIR"                                                                           ;
+---------+--------+----------+-------------------------------------------------------------------------------------+
; Port    ; Type   ; Severity ; Details                                                                             ;
+---------+--------+----------+-------------------------------------------------------------------------------------+
; outputq ; Output ; Info     ; Connected to dangling logic. Logic that only feeds a dangling port will be removed. ;
+---------+--------+----------+-------------------------------------------------------------------------------------+


+-----------------------------------------------------------+
; Port Connectivity Checks: "ALU:ALUunit|ADD32:incrementPC" ;
+----------+-------+----------+-----------------------------+
; Port     ; Type  ; Severity ; Details                     ;
+----------+-------+----------+-----------------------------+
; a[31..1] ; Input ; Info     ; Stuck at GND                ;
; a[0]     ; Input ; Info     ; Stuck at VCC                ;
+----------+-------+----------+-----------------------------+


+-------------------------------+
; Elapsed Time Per Partition    ;
+----------------+--------------+
; Partition Name ; Elapsed Time ;
+----------------+--------------+
; Top            ; 00:01:02     ;
+----------------+--------------+


+-------------------------------+
; Analysis & Synthesis Messages ;
+-------------------------------+
Info: *******************************************************************
Info: Running Quartus II 64-Bit Analysis & Synthesis
    Info: Version 13.0.1 Build 232 06/12/2013 Service Pack 1 SJ Web Edition
    Info: Processing started: Mon Mar 06 23:24:26 2023
Info: Command: quartus_map --read_settings_files=on --write_settings_files=off ALU -c ALU
Warning (20028): Parallel compilation is not licensed and has been disabled
Info (12021): Found 2 design units, including 1 entities, in source file reg32.vhd
    Info (12022): Found design unit 1: reg32-behaviour
    Info (12023): Found entity 1: reg32
Info (12021): Found 2 design units, including 1 entities, in source file encoder32to5.vhd
    Info (12022): Found design unit 1: encoder32to5-behaviour
    Info (12023): Found entity 1: encoder32to5
Info (12021): Found 2 design units, including 1 entities, in source file bus32to1.vhd
    Info (12022): Found design unit 1: bus32to1-behaviour
    Info (12023): Found entity 1: bus32to1
Info (12021): Found 2 design units, including 1 entities, in source file mdr.vhd
    Info (12022): Found design unit 1: MDR-behaviour
    Info (12023): Found entity 1: MDR
Info (12021): Found 2 design units, including 1 entities, in source file datapath.vhd
    Info (12022): Found design unit 1: datapath-behaviour
    Info (12023): Found entity 1: datapath
Info (12021): Found 2 design units, including 1 entities, in source file and32.vhd
    Info (12022): Found design unit 1: AND32-behaviour
    Info (12023): Found entity 1: AND32
Info (12021): Found 2 design units, including 1 entities, in source file or32.vhd
    Info (12022): Found design unit 1: OR32-behaviour
    Info (12023): Found entity 1: OR32
Info (12021): Found 2 design units, including 1 entities, in source file neg32.vhd
    Info (12022): Found design unit 1: NEG32-behaviour
    Info (12023): Found entity 1: NEG32
Info (12021): Found 2 design units, including 1 entities, in source file not32.vhd
    Info (12022): Found design unit 1: NOT32-behaviour
    Info (12023): Found entity 1: NOT32
Info (12021): Found 2 design units, including 1 entities, in source file shl32.vhd
    Info (12022): Found design unit 1: SHL32-behavioural
    Info (12023): Found entity 1: SHL32
Info (12021): Found 2 design units, including 1 entities, in source file shr32.vhd
    Info (12022): Found design unit 1: SHR32-behavioural
    Info (12023): Found entity 1: SHR32
Info (12021): Found 2 design units, including 1 entities, in source file shra32.vhd
    Info (12022): Found design unit 1: SHRA32-behaviour
    Info (12023): Found entity 1: SHRA32
Info (12021): Found 2 design units, including 1 entities, in source file rol32.vhd
    Info (12022): Found design unit 1: ROL32-behavioural
    Info (12023): Found entity 1: ROL32
Info (12021): Found 2 design units, including 1 entities, in source file ror32.vhd
    Info (12022): Found design unit 1: ROR32-behavioural
    Info (12023): Found entity 1: ROR32
Info (12021): Found 2 design units, including 1 entities, in source file add32.vhd
    Info (12022): Found design unit 1: ADD32-behaviour
    Info (12023): Found entity 1: ADD32
Info (12021): Found 2 design units, including 1 entities, in source file sub32.vhd
    Info (12022): Found design unit 1: SUB32-behaviour
    Info (12023): Found entity 1: SUB32
Info (12021): Found 2 design units, including 1 entities, in source file div32.vhd
    Info (12022): Found design unit 1: DIV32-behavioural
    Info (12023): Found entity 1: DIV32
Info (12021): Found 2 design units, including 1 entities, in source file mul32.vhd
    Info (12022): Found design unit 1: MUL32-behavioral
    Info (12023): Found entity 1: MUL32
Info (12021): Found 2 design units, including 1 entities, in source file alu.vhd
    Info (12022): Found design unit 1: ALU-behavioural
    Info (12023): Found entity 1: ALU
Info (12021): Found 2 design units, including 1 entities, in source file tb3_1.vhd
    Info (12022): Found design unit 1: tb3_1-behaviour
    Info (12023): Found entity 1: tb3_1
Info (12021): Found 2 design units, including 1 entities, in source file tb3_2.vhd
    Info (12022): Found design unit 1: tb3_2-behaviour
    Info (12023): Found entity 1: tb3_2
Info (12021): Found 2 design units, including 1 entities, in source file tb3_7.vhd
    Info (12022): Found design unit 1: tb3_7-behaviour
    Info (12023): Found entity 1: tb3_7
Info (12021): Found 2 design units, including 1 entities, in source file tb3_8.vhd
    Info (12022): Found design unit 1: tb3_8-behaviour
    Info (12023): Found entity 1: tb3_8
Info (12021): Found 2 design units, including 1 entities, in source file tb3_9.vhd
    Info (12022): Found design unit 1: tb3_9-behaviour
    Info (12023): Found entity 1: tb3_9
Info (12021): Found 2 design units, including 1 entities, in source file tb3_13.vhd
    Info (12022): Found design unit 1: tb3_13-behaviour
    Info (12023): Found entity 1: tb3_13
Info (12021): Found 2 design units, including 1 entities, in source file tb3_10.vhd
    Info (12022): Found design unit 1: tb3_10-behaviour
    Info (12023): Found entity 1: tb3_10
Info (12021): Found 2 design units, including 1 entities, in source file tb3_11.vhd
    Info (12022): Found design unit 1: tb3_11-behaviour
    Info (12023): Found entity 1: tb3_11
Info (12021): Found 2 design units, including 1 entities, in source file tb3_12.vhd
    Info (12022): Found design unit 1: tb3_12-behaviour
    Info (12023): Found entity 1: tb3_12
Info (12021): Found 2 design units, including 1 entities, in source file tb3_3.vhd
    Info (12022): Found design unit 1: tb3_3-behaviour
    Info (12023): Found entity 1: tb3_3
Info (12021): Found 2 design units, including 1 entities, in source file tb3_4.vhd
    Info (12022): Found design unit 1: tb3_4-behaviour
    Info (12023): Found entity 1: tb3_4
Info (12021): Found 2 design units, including 1 entities, in source file tb3_6.vhd
    Info (12022): Found design unit 1: tb3_6-behaviour
    Info (12023): Found entity 1: tb3_6
Info (12021): Found 2 design units, including 1 entities, in source file tb3_5.vhd
    Info (12022): Found design unit 1: tb3_5-behaviour
    Info (12023): Found entity 1: tb3_5
Info (12127): Elaborating entity "datapath" for the top level hierarchy
Warning (10036): Verilog HDL or VHDL warning at datapath.vhd(86): object "IRwire" assigned a value but never read
Warning (10541): VHDL Signal Declaration warning at datapath.vhd(92): used implicit default value for signal "busMuxCin" because signal was never assigned a value or an explicit default value. Use of implicit default value may introduce unintended design optimizations.
Warning (10541): VHDL Signal Declaration warning at datapath.vhd(92): used implicit default value for signal "busMuxINPORTin" because signal was never assigned a value or an explicit default value. Use of implicit default value may introduce unintended design optimizations.
Warning (10492): VHDL Process Statement warning at datapath.vhd(225): signal "busMuxR0in" is read inside the Process Statement but isn't in the Process Statement's sensitivity list
Warning (10492): VHDL Process Statement warning at datapath.vhd(226): signal "busMuxR1in" is read inside the Process Statement but isn't in the Process Statement's sensitivity list
Warning (10492): VHDL Process Statement warning at datapath.vhd(227): signal "busMuxR2in" is read inside the Process Statement but isn't in the Process Statement's sensitivity list
Warning (10492): VHDL Process Statement warning at datapath.vhd(228): signal "busMuxR3in" is read inside the Process Statement but isn't in the Process Statement's sensitivity list
Warning (10492): VHDL Process Statement warning at datapath.vhd(229): signal "busMuxR4in" is read inside the Process Statement but isn't in the Process Statement's sensitivity list
Warning (10492): VHDL Process Statement warning at datapath.vhd(230): signal "busMuxR5in" is read inside the Process Statement but isn't in the Process Statement's sensitivity list
Warning (10492): VHDL Process Statement warning at datapath.vhd(231): signal "busMuxR6in" is read inside the Process Statement but isn't in the Process Statement's sensitivity list
Warning (10492): VHDL Process Statement warning at datapath.vhd(232): signal "busMuxR7in" is read inside the Process Statement but isn't in the Process Statement's sensitivity list
Warning (10492): VHDL Process Statement warning at datapath.vhd(233): signal "busMuxR8in" is read inside the Process Statement but isn't in the Process Statement's sensitivity list
Warning (10492): VHDL Process Statement warning at datapath.vhd(234): signal "busMuxR9in" is read inside the Process Statement but isn't in the Process Statement's sensitivity list
Warning (10492): VHDL Process Statement warning at datapath.vhd(235): signal "busMuxR10in" is read inside the Process Statement but isn't in the Process Statement's sensitivity list
Warning (10492): VHDL Process Statement warning at datapath.vhd(236): signal "busMuxR11in" is read inside the Process Statement but isn't in the Process Statement's sensitivity list
Warning (10492): VHDL Process Statement warning at datapath.vhd(237): signal "busMuxR12in" is read inside the Process Statement but isn't in the Process Statement's sensitivity list
Warning (10492): VHDL Process Statement warning at datapath.vhd(238): signal "busMuxR13in" is read inside the Process Statement but isn't in the Process Statement's sensitivity list
Warning (10492): VHDL Process Statement warning at datapath.vhd(239): signal "busMuxR14in" is read inside the Process Statement but isn't in the Process Statement's sensitivity list
Warning (10492): VHDL Process Statement warning at datapath.vhd(240): signal "busMuxR15in" is read inside the Process Statement but isn't in the Process Statement's sensitivity list
Warning (10492): VHDL Process Statement warning at datapath.vhd(241): signal "YdataOut" is read inside the Process Statement but isn't in the Process Statement's sensitivity list
Warning (10492): VHDL Process Statement warning at datapath.vhd(242): signal "busMuxZlowin" is read inside the Process Statement but isn't in the Process Statement's sensitivity list
Warning (10492): VHDL Process Statement warning at datapath.vhd(243): signal "busMuxZhighin" is read inside the Process Statement but isn't in the Process Statement's sensitivity list
Warning (10492): VHDL Process Statement warning at datapath.vhd(244): signal "busMuxMDRin" is read inside the Process Statement but isn't in the Process Statement's sensitivity list
Warning (10492): VHDL Process Statement warning at datapath.vhd(245): signal "busMuxHIin" is read inside the Process Statement but isn't in the Process Statement's sensitivity list
Warning (10492): VHDL Process Statement warning at datapath.vhd(246): signal "busMuxLOin" is read inside the Process Statement but isn't in the Process Statement's sensitivity list
Info (12128): Elaborating entity "ALU" for hierarchy "ALU:ALUunit"
Info (12128): Elaborating entity "AND32" for hierarchy "ALU:ALUunit|AND32:andoperation"
Info (12128): Elaborating entity "OR32" for hierarchy "ALU:ALUunit|OR32:oroperation"
Info (12128): Elaborating entity "NOT32" for hierarchy "ALU:ALUunit|NOT32:notoperation"
Info (12128): Elaborating entity "ADD32" for hierarchy "ALU:ALUunit|ADD32:addition"
Info (12128): Elaborating entity "NEG32" for hierarchy "ALU:ALUunit|NEG32:negation"
Info (12128): Elaborating entity "SUB32" for hierarchy "ALU:ALUunit|SUB32:substraction"
Info (12128): Elaborating entity "SHRA32" for hierarchy "ALU:ALUunit|SHRA32:shiftA"
Info (12128): Elaborating entity "SHR32" for hierarchy "ALU:ALUunit|SHR32:shifttoright"
Info (12128): Elaborating entity "SHL32" for hierarchy "ALU:ALUunit|SHL32:shiftoleft"
Info (12128): Elaborating entity "ROR32" for hierarchy "ALU:ALUunit|ROR32:rotateright"
Info (12128): Elaborating entity "ROL32" for hierarchy "ALU:ALUunit|ROL32:rotateleft"
Info (12128): Elaborating entity "MUL32" for hierarchy "ALU:ALUunit|MUL32:multiplication"
Warning (10631): VHDL Process Statement warning at MUL32.vhd(15): inferring latch(es) for signal or variable "number", which holds its previous value in one or more paths through the process
Info (10041): Inferred latch for "number[0]" at MUL32.vhd(49)
Info (10041): Inferred latch for "number[1]" at MUL32.vhd(49)
Info (10041): Inferred latch for "number[2]" at MUL32.vhd(49)
Info (10041): Inferred latch for "one[0]" at MUL32.vhd(67)
Info (10041): Inferred latch for "one[1]" at MUL32.vhd(67)
Info (10041): Inferred latch for "one[2]" at MUL32.vhd(67)
Info (10041): Inferred latch for "one[3]" at MUL32.vhd(67)
Info (10041): Inferred latch for "one[4]" at MUL32.vhd(67)
Info (10041): Inferred latch for "one[5]" at MUL32.vhd(67)
Info (10041): Inferred latch for "one[6]" at MUL32.vhd(67)
Info (10041): Inferred latch for "one[7]" at MUL32.vhd(67)
Info (10041): Inferred latch for "one[8]" at MUL32.vhd(67)
Info (10041): Inferred latch for "one[9]" at MUL32.vhd(67)
Info (10041): Inferred latch for "one[10]" at MUL32.vhd(67)
Info (10041): Inferred latch for "one[11]" at MUL32.vhd(67)
Info (10041): Inferred latch for "one[12]" at MUL32.vhd(67)
Info (10041): Inferred latch for "one[13]" at MUL32.vhd(67)
Info (10041): Inferred latch for "one[14]" at MUL32.vhd(67)
Info (10041): Inferred latch for "one[15]" at MUL32.vhd(67)
Info (10041): Inferred latch for "one[16]" at MUL32.vhd(67)
Info (10041): Inferred latch for "one[17]" at MUL32.vhd(67)
Info (10041): Inferred latch for "one[18]" at MUL32.vhd(67)
Info (10041): Inferred latch for "one[19]" at MUL32.vhd(67)
Info (10041): Inferred latch for "one[20]" at MUL32.vhd(67)
Info (10041): Inferred latch for "one[21]" at MUL32.vhd(67)
Info (10041): Inferred latch for "one[22]" at MUL32.vhd(67)
Info (10041): Inferred latch for "one[23]" at MUL32.vhd(67)
Info (10041): Inferred latch for "one[24]" at MUL32.vhd(67)
Info (10041): Inferred latch for "one[25]" at MUL32.vhd(67)
Info (10041): Inferred latch for "one[26]" at MUL32.vhd(67)
Info (10041): Inferred latch for "one[27]" at MUL32.vhd(67)
Info (10041): Inferred latch for "one[28]" at MUL32.vhd(67)
Info (10041): Inferred latch for "one[29]" at MUL32.vhd(67)
Info (10041): Inferred latch for "one[30]" at MUL32.vhd(67)
Info (10041): Inferred latch for "one[31]" at MUL32.vhd(67)
Info (10041): Inferred latch for "one[32]" at MUL32.vhd(67)
Info (10041): Inferred latch for "one[33]" at MUL32.vhd(67)
Info (10041): Inferred latch for "one[34]" at MUL32.vhd(67)
Info (10041): Inferred latch for "one[35]" at MUL32.vhd(67)
Info (10041): Inferred latch for "one[36]" at MUL32.vhd(67)
Info (10041): Inferred latch for "one[37]" at MUL32.vhd(67)
Info (10041): Inferred latch for "one[38]" at MUL32.vhd(67)
Info (10041): Inferred latch for "one[39]" at MUL32.vhd(67)
Info (10041): Inferred latch for "one[40]" at MUL32.vhd(67)
Info (10041): Inferred latch for "one[41]" at MUL32.vhd(67)
Info (10041): Inferred latch for "one[42]" at MUL32.vhd(67)
Info (10041): Inferred latch for "one[43]" at MUL32.vhd(67)
Info (10041): Inferred latch for "one[44]" at MUL32.vhd(67)
Info (10041): Inferred latch for "one[45]" at MUL32.vhd(67)
Info (10041): Inferred latch for "one[46]" at MUL32.vhd(67)
Info (10041): Inferred latch for "one[47]" at MUL32.vhd(67)
Info (10041): Inferred latch for "one[48]" at MUL32.vhd(67)
Info (10041): Inferred latch for "one[49]" at MUL32.vhd(67)
Info (10041): Inferred latch for "one[50]" at MUL32.vhd(67)
Info (10041): Inferred latch for "one[51]" at MUL32.vhd(67)
Info (10041): Inferred latch for "one[52]" at MUL32.vhd(67)
Info (10041): Inferred latch for "one[53]" at MUL32.vhd(67)
Info (10041): Inferred latch for "one[54]" at MUL32.vhd(67)
Info (10041): Inferred latch for "one[55]" at MUL32.vhd(67)
Info (10041): Inferred latch for "one[56]" at MUL32.vhd(67)
Info (10041): Inferred latch for "one[57]" at MUL32.vhd(67)
Info (10041): Inferred latch for "one[58]" at MUL32.vhd(67)
Info (10041): Inferred latch for "one[59]" at MUL32.vhd(67)
Info (10041): Inferred latch for "one[60]" at MUL32.vhd(67)
Info (10041): Inferred latch for "one[61]" at MUL32.vhd(67)
Info (10041): Inferred latch for "one[62]" at MUL32.vhd(67)
Info (10041): Inferred latch for "one[63]" at MUL32.vhd(67)
Info (12128): Elaborating entity "DIV32" for hierarchy "ALU:ALUunit|DIV32:division"
Warning (10631): VHDL Process Statement warning at DIV32.vhd(15): inferring latch(es) for signal or variable "dividendflag", which holds its previous value in one or more paths through the process
Warning (10631): VHDL Process Statement warning at DIV32.vhd(15): inferring latch(es) for signal or variable "divisorflag", which holds its previous value in one or more paths through the process
Info (10041): Inferred latch for "divisorflag" at DIV32.vhd(32)
Info (10041): Inferred latch for "dividendflag" at DIV32.vhd(28)
Info (12128): Elaborating entity "encoder32to5" for hierarchy "encoder32to5:encoder"
Info (12128): Elaborating entity "bus32to1" for hierarchy "bus32to1:busUnit"
Info (12128): Elaborating entity "MDR" for hierarchy "MDR:MDRunit"
Warning (10492): VHDL Process Statement warning at MDR.vhd(41): signal "memory_data_in" is read inside the Process Statement but isn't in the Process Statement's sensitivity list
Info (12128): Elaborating entity "reg32" for hierarchy "MDR:MDRunit|reg32:MDRregister"
Info (286030): Timing-Driven Synthesis is running
Info (16010): Generating hard_block partition "hard_block:auto_generated_inst"
    Info (16011): Adding 0 node(s), including 0 DDIO, 0 PLL, 0 transceiver and 0 LCELL
Warning (21074): Design contains 4 input pin(s) that do not drive logic
    Warning (15610): No output dependent on input pin "Cin"
    Warning (15610): No output dependent on input pin "INPORTin"
    Warning (15610): No output dependent on input pin "IRin"
    Warning (15610): No output dependent on input pin "MARin"
Info (21057): Implemented 8459 device resources after synthesis - the final resource count might be different
    Info (21058): Implemented 99 input pins
    Info (21059): Implemented 736 output pins
    Info (21061): Implemented 7624 logic cells
Info: Quartus II 64-Bit Analysis & Synthesis was successful. 0 errors, 35 warnings
    Info: Peak virtual memory: 4680 megabytes
    Info: Processing ended: Mon Mar 06 23:25:32 2023
    Info: Elapsed time: 00:01:06
    Info: Total CPU time (on all processors): 00:01:05


